pru1.p(   10) : 0x0000 = Label      : START:
pru1.p(   11) : 0x0000 = 0x2effb980 :     zero     &r0, 116
pru1.p(   12) : 0x0001 = 0x24000099 :     mov      r25.w0, 0x00010000 & 0xFFFF
pru1.p(   12) : 0x0002 = 0x240001d9 :     mov      r25.w2, 0x00010000 >> 16
pru1.p(   13) : 0x0003 = 0x91042480 :     lbco     r0, C4, 4, 4
pru1.p(   13) : 0x0004 = 0x1d04e0e0 :     clr      r0, 4
pru1.p(   13) : 0x0005 = 0x81042480 :     sbco     r0, C4, 4, 4
pru1.p(   13) : 0x0006 = 0x244804cf :     mov      r15, 0x4804C000 | 0x138
pru1.p(   13) : 0x0007 = 0x24c1388f :     mov      r15, 0x4804C000 | 0x138
pru1.p(   13) : 0x0008 = 0x244804d0 :     mov      r16, 0x4804C000 | 0x194
pru1.p(   13) : 0x0009 = 0x24c19490 :     mov      r16, 0x4804C000 | 0x194
pru1.p(   13) : 0x000a = 0x244804d1 :     mov      r17, 0x4804C000 | 0x190
pru1.p(   13) : 0x000b = 0x24c19091 :     mov      r17, 0x4804C000 | 0x190
pru1.p(   13) : 0x000c = 0x1f0ceeee :     set      r14, 12
pru1.p(   14) : 0x000d = 0xf1203998 :     lbbo     r24, r25, 32, 4
pru1.p(   15) : 0x000e = 0xf12c3992 :     lbbo     r18, r25, 44, 4
pru1.p(   16) : 0x000f = 0xf1283994 :     lbbo     r20, r25, 40, 4
pru1.p(   21) : 0x0010 = 0x2400001e :     mov      r30.b0, 0x00
pru1.p(   27) : 0x0011 = 0x1d0cecec :     clr      r12, 12
pru1.p(   27) : 0x0012 = 0xe100318e :     sbbo     r14, r17, 0, 4
pru1.p(   32) : 0x0013 = Label      : WAIT_FOR_RUN_FLAG:
pru1.p(   33) : 0x0013 = 0xf1243993 :     lbbo     r19, r25, 36, 4
pru1.p(   34) : 0x0014 = 0xcf0033ff :     qbbc     WAIT_FOR_RUN_FLAG, r19.b1.t0
pru1.p(   39) : 0x0015 = 0x1f0cecec :     set      r12, 12
pru1.p(   39) : 0x0016 = 0xe100308e :     sbbo     r14, r16, 0, 4
pru1.p(   41) : 0x0017 = Label      : MAIN:
pru1.p(   42) : 0x0017 = 0x240022ff :     ldi      r31, 18 + 16
pru1.p(   43) : 0x0018 = 0xf100f985 :     lbbo     r5, r25, 0, 16
pru1.p(   44) : 0x0019 = 0xf1243993 :     lbbo     r19, r25, 36, 4
pru1.p(   48) : 0x001a = 0xc9003345 :     qbbc     STOP, r19.b1.t0
pru1.p(   49) : 0x001b = 0x1013131e :     mov      r30.b0, r19.b0
pru1.p(   54) : 0x001c = 0x10f4f4f5 :     mov      r21, r20
pru1.p(   55) : 0x001d = Label      : I_LOOP:
pru1.p(   64) : 0x001d = 0x10f2f2f6 :     mov      r22, r18
pru1.p(   65) : 0x001e = Label      : J_LOOP:
pru1.p(   66) : 0x001e = 0x10e9e9ea :     mov      r10, r9
pru1.p(   66) : 0x001f = 0x103f3f29 :     mov      r9.b1, r31.b1
pru1.p(   66) : 0x0020 = 0x14eae9eb :     xor      r11, r9, r10
pru1.p(   68) : 0x0021 = Label      : ENC_1_CHK:
pru1.p(   68) : 0x0021 = 0xc9002b03 :     qbbc     _ENC_JMP_5_1_, r11.b1.t0
pru1.p(   68) : 0x0022 = 0x0101e1e1 :     add      r1, r1, #1
pru1.p(   68) : 0x0023 = 0x79000003 :     qba      _NEXT_5_1_
pru1.p(   68) : 0x0024 = Label      : _ENC_JMP_5_1_:
pru1.p(   68) : 0x0024 = 0x10000000 :     mov      r0.b0, r0.b0
pru1.p(   68) : 0x0025 = 0x10000000 :     mov      r0.b0, r0.b0
pru1.p(   68) : 0x0026 = Label      : _NEXT_5_1_:
pru1.p(   69) : 0x0026 = Label      : ENC_2_CHK:
pru1.p(   69) : 0x0026 = 0xc9012b03 :     qbbc     _ENC_JMP_5_2_, r11.b1.t1
pru1.p(   69) : 0x0027 = 0x0101e2e2 :     add      r2, r2, #1
pru1.p(   69) : 0x0028 = 0x79000003 :     qba      _NEXT_5_2_
pru1.p(   69) : 0x0029 = Label      : _ENC_JMP_5_2_:
pru1.p(   69) : 0x0029 = 0x10000000 :     mov      r0.b0, r0.b0
pru1.p(   69) : 0x002a = 0x10000000 :     mov      r0.b0, r0.b0
pru1.p(   69) : 0x002b = Label      : _NEXT_5_2_:
pru1.p(   70) : 0x002b = Label      : ENC_3_CHK:
pru1.p(   70) : 0x002b = 0xc9022b03 :     qbbc     _ENC_JMP_5_3_, r11.b1.t2
pru1.p(   70) : 0x002c = 0x0101e3e3 :     add      r3, r3, #1
pru1.p(   70) : 0x002d = 0x79000003 :     qba      _NEXT_5_3_
pru1.p(   70) : 0x002e = Label      : _ENC_JMP_5_3_:
pru1.p(   70) : 0x002e = 0x10000000 :     mov      r0.b0, r0.b0
pru1.p(   70) : 0x002f = 0x10000000 :     mov      r0.b0, r0.b0
pru1.p(   70) : 0x0030 = Label      : _NEXT_5_3_:
pru1.p(   71) : 0x0030 = Label      : ENC_4_CHK:
pru1.p(   71) : 0x0030 = 0xc9032b03 :     qbbc     _ENC_JMP_5_4_, r11.b1.t3
pru1.p(   71) : 0x0031 = 0x0101e4e4 :     add      r4, r4, #1
pru1.p(   71) : 0x0032 = 0x79000003 :     qba      _NEXT_5_4_
pru1.p(   71) : 0x0033 = Label      : _ENC_JMP_5_4_:
pru1.p(   71) : 0x0033 = 0x10000000 :     mov      r0.b0, r0.b0
pru1.p(   71) : 0x0034 = 0x10000000 :     mov      r0.b0, r0.b0
pru1.p(   71) : 0x0035 = Label      : _NEXT_5_4_:
pru1.p(   73) : 0x0035 = Label      : PWM_1_CHK:
pru1.p(   73) : 0x0035 = 0xc9021304 :     qbbc     _CCW_4_1_, r19.b0.t2
pru1.p(   73) : 0x0036 = Label      : _CW_4_1_:
pru1.p(   73) : 0x0036 = 0x6900e506 :     qbne     _PWM_JMP_4_1_, r5, 0
pru1.p(   73) : 0x0037 = 0x1d02fefe :     clr      r30.t2
pru1.p(   73) : 0x0038 = 0x79000006 :     qba      _NEXT_4_1_
pru1.p(   73) : 0x0039 = Label      : _CCW_4_1_:
pru1.p(   73) : 0x0039 = 0x6900e503 :     qbne     _PWM_JMP_4_1_, r5, 0
pru1.p(   73) : 0x003a = 0x1d03fefe :     clr      r30.t3
pru1.p(   73) : 0x003b = 0x79000003 :     qba      _NEXT_4_1_
pru1.p(   73) : 0x003c = Label      : _PWM_JMP_4_1_:
pru1.p(   73) : 0x003c = 0x0501e5e5 :     sub      r5, r5, #1
pru1.p(   73) : 0x003d = 0x10000000 :     mov      r0.b0, r0.b0
pru1.p(   73) : 0x003e = Label      : _NEXT_4_1_:
pru1.p(   74) : 0x003e = Label      : PWM_2_CHK:
pru1.p(   74) : 0x003e = 0xc9041304 :     qbbc     _CCW_4_2_, r19.b0.t4
pru1.p(   74) : 0x003f = Label      : _CW_4_2_:
pru1.p(   74) : 0x003f = 0x6900e606 :     qbne     _PWM_JMP_4_2_, r6, 0
pru1.p(   74) : 0x0040 = 0x1d04fefe :     clr      r30.t4
pru1.p(   74) : 0x0041 = 0x79000006 :     qba      _NEXT_4_2_
pru1.p(   74) : 0x0042 = Label      : _CCW_4_2_:
pru1.p(   74) : 0x0042 = 0x6900e603 :     qbne     _PWM_JMP_4_2_, r6, 0
pru1.p(   74) : 0x0043 = 0x1d05fefe :     clr      r30.t5
pru1.p(   74) : 0x0044 = 0x79000003 :     qba      _NEXT_4_2_
pru1.p(   74) : 0x0045 = Label      : _PWM_JMP_4_2_:
pru1.p(   74) : 0x0045 = 0x0501e6e6 :     sub      r6, r6, #1
pru1.p(   74) : 0x0046 = 0x10000000 :     mov      r0.b0, r0.b0
pru1.p(   74) : 0x0047 = Label      : _NEXT_4_2_:
pru1.p(   75) : 0x0047 = Label      : PWM_3_CHK:
pru1.p(   75) : 0x0047 = 0xc9001304 :     qbbc     _CCW_4_3_, r19.b0.t0
pru1.p(   75) : 0x0048 = Label      : _CW_4_3_:
pru1.p(   75) : 0x0048 = 0x6900e706 :     qbne     _PWM_JMP_4_3_, r7, 0
pru1.p(   75) : 0x0049 = 0x1d00fefe :     clr      r30.t0
pru1.p(   75) : 0x004a = 0x79000006 :     qba      _NEXT_4_3_
pru1.p(   75) : 0x004b = Label      : _CCW_4_3_:
pru1.p(   75) : 0x004b = 0x6900e703 :     qbne     _PWM_JMP_4_3_, r7, 0
pru1.p(   75) : 0x004c = 0x1d01fefe :     clr      r30.t1
pru1.p(   75) : 0x004d = 0x79000003 :     qba      _NEXT_4_3_
pru1.p(   75) : 0x004e = Label      : _PWM_JMP_4_3_:
pru1.p(   75) : 0x004e = 0x0501e7e7 :     sub      r7, r7, #1
pru1.p(   75) : 0x004f = 0x10000000 :     mov      r0.b0, r0.b0
pru1.p(   75) : 0x0050 = Label      : _NEXT_4_3_:
pru1.p(   76) : 0x0050 = Label      : PWM_4_CHK:
pru1.p(   76) : 0x0050 = 0xc9061304 :     qbbc     _CCW_4_4_, r19.b0.t6
pru1.p(   76) : 0x0051 = Label      : _CW_4_4_:
pru1.p(   76) : 0x0051 = 0x6900e806 :     qbne     _PWM_JMP_4_4_, r8, 0
pru1.p(   76) : 0x0052 = 0x1d06fefe :     clr      r30.t6
pru1.p(   76) : 0x0053 = 0x79000006 :     qba      _NEXT_4_4_
pru1.p(   76) : 0x0054 = Label      : _CCW_4_4_:
pru1.p(   76) : 0x0054 = 0x6900e803 :     qbne     _PWM_JMP_4_4_, r8, 0
pru1.p(   76) : 0x0055 = 0x1d07fefe :     clr      r30.t7
pru1.p(   76) : 0x0056 = 0x79000003 :     qba      _NEXT_4_4_
pru1.p(   76) : 0x0057 = Label      : _PWM_JMP_4_4_:
pru1.p(   76) : 0x0057 = 0x0501e8e8 :     sub      r8, r8, #1
pru1.p(   76) : 0x0058 = 0x10000000 :     mov      r0.b0, r0.b0
pru1.p(   76) : 0x0059 = Label      : _NEXT_4_4_:
pru1.p(   78) : 0x0059 = 0x0501f6f6 :     sub      r22, r22, #1
pru1.p(   79) : 0x005a = 0x6f00f6c4 :     qbne     J_LOOP, r22, 0
pru1.p(   81) : 0x005b = 0x0501f5f5 :     sub      r21, r21, #1
pru1.p(   82) : 0x005c = 0x6f00f5c1 :     qbne     I_LOOP, r21, 0
pru1.p(   88) : 0x005d = 0xe110f981 :     sbbo     &r1, r25, 16, 16
pru1.p(   89) : 0x005e = 0x7f0000b9 :     qba      MAIN
pru1.p(   96) : 0x005f = Label      : STOP:
pru1.p(   97) : 0x005f = 0x1d0cecec :     clr      r12, 12
pru1.p(   97) : 0x0060 = 0xe100318e :     sbbo     r14, r17, 0, 4
pru1.p(   98) : 0x0061 = 0xd1013303 :     qbbs     _HARD_BR_9_1_, r19.b1.t1
pru1.p(   98) : 0x0062 = 0x2400001e :     mov      r30.b0, 0x00
pru1.p(   98) : 0x0063 = 0x79000003 :     qba      _NEXT_9_1_
pru1.p(   98) : 0x0064 = Label      : _HARD_BR_9_1_:
pru1.p(   98) : 0x0064 = 0x2400ff1e :     mov      r30.b0, 0xFF
pru1.p(   98) : 0x0065 = 0x10000000 :     mov      r0.b0, r0.b0
pru1.p(   98) : 0x0066 = Label      : _NEXT_9_1_:
pru1.p(   99) : 0x0066 = 0xd1033302 :     qbbs     HALT_PRU1, r19.b1.t3
pru1.p(  100) : 0x0067 = 0x7f0000ac :     qba      WAIT_FOR_RUN_FLAG
pru1.p(  104) : 0x0068 = Label      : HALT_PRU1:
pru1.p(  105) : 0x0068 = 0x2400001e :     mov      r30.b0, 0x00
pru1.p(  106) : 0x0069 = 0x2400241f :     mov      r31.b0, 32 | 4
pru1.p(  107) : 0x006a = 0x2a000000 :     halt     
