pru1.p(   12) : 0x0000 = Label      : START:
pru1.p(   13) : 0x0000 = 0x2effb980 :     zero     &r0, 116
pru1.p(   14) : 0x0001 = 0x24000099 :     mov      r25.w0, 0x00010000 & 0xFFFF
pru1.p(   14) : 0x0002 = 0x240001d9 :     mov      r25.w2, 0x00010000 >> 16
pru1.p(   15) : 0x0003 = 0x91042480 :     lbco     r0, C4, 4, 4
pru1.p(   15) : 0x0004 = 0x1d04e0e0 :     clr      r0, 4
pru1.p(   15) : 0x0005 = 0x81042480 :     sbco     r0, C4, 4, 4
pru1.p(   16) : 0x0006 = 0xf12c3992 :     lbbo     r18, r25, 44, 4
pru1.p(   17) : 0x0007 = 0xf1283994 :     lbbo     r20, r25, 40, 4
pru1.p(   21) : 0x0008 = 0x2444e0cf :     mov      r15, 0x44e07000 | 0x138
pru1.p(   21) : 0x0009 = 0x2471388f :     mov      r15, 0x44e07000 | 0x138
pru1.p(   21) : 0x000a = 0x2444e0d0 :     mov      r16, 0x44e07000 | 0x194
pru1.p(   21) : 0x000b = 0x24719490 :     mov      r16, 0x44e07000 | 0x194
pru1.p(   21) : 0x000c = 0x2444e0d1 :     mov      r17, 0x44e07000 | 0x190
pru1.p(   21) : 0x000d = 0x24719091 :     mov      r17, 0x44e07000 | 0x190
pru1.p(   21) : 0x000e = 0x1f0cecec :     set      r12, 12
pru1.p(   26) : 0x000f = Label      : WAIT_FOR_RUN_FLAG:
pru1.p(   27) : 0x000f = 0x2400ff1e :     mov      r30.b0, 0xff
pru1.p(   28) : 0x0010 = 0xf1243993 :     lbbo     r19, r25, 36, 4
pru1.p(   29) : 0x0011 = 0xcf0033fe :     qbbc     WAIT_FOR_RUN_FLAG, r19.b1.t0
pru1.p(   30) : 0x0012 = 0x2eff8781 :     zero     &r1, 16
pru1.p(   36) : 0x0013 = 0xf1203998 :     lbbo     r24, r25, 32, 4
pru1.p(   37) : 0x0014 = 0x5100f802 :     qbeq     MAIN, r24, 0
pru1.p(   38) : 0x0015 = 0x7900004f :     qba      NEOPIXEL
pru1.p(   40) : 0x0016 = Label      : MAIN:
pru1.p(   41) : 0x0016 = 0x240022ff :     ldi      r31, 18 + 16
pru1.p(   42) : 0x0017 = 0xf1243993 :     lbbo     r19, r25, 36, 4
pru1.p(   46) : 0x0018 = 0xc9003346 :     qbbc     STOP, r19.b1.t0
pru1.p(   51) : 0x0019 = 0x10f4f4f5 :     mov      r21, r20
pru1.p(   52) : 0x001a = Label      : I_LOOP:
pru1.p(   53) : 0x001a = 0xf100f985 :     lbbo     r5, r25, 0, 16
pru1.p(   54) : 0x001b = 0x1013131e :     mov      r30.b0, r19.b0
pru1.p(   63) : 0x001c = 0x10f2f2f6 :     mov      r22, r18
pru1.p(   64) : 0x001d = Label      : J_LOOP:
pru1.p(   65) : 0x001d = 0x1029292a :     mov      r10.b1, r9.b1
pru1.p(   65) : 0x001e = 0x103f3f29 :     mov      r9.b1, r31.b1
pru1.p(   65) : 0x001f = 0x142a292b :     xor      r11.b1, r9.b1, r10.b1
pru1.p(   67) : 0x0020 = Label      : ENC_1_CHK:
pru1.p(   67) : 0x0020 = 0xc9002b03 :     qbbc     _ENC_JMP_9_1_, r11.b1.t0
pru1.p(   67) : 0x0021 = 0x0101e1e1 :     add      r1, r1, #1
pru1.p(   67) : 0x0022 = 0x79000003 :     qba      _NEXT_9_1_
pru1.p(   67) : 0x0023 = Label      : _ENC_JMP_9_1_:
pru1.p(   67) : 0x0023 = 0x10000000 :     mov      r0.b0, r0.b0
pru1.p(   67) : 0x0024 = 0x10000000 :     mov      r0.b0, r0.b0
pru1.p(   67) : 0x0025 = Label      : _NEXT_9_1_:
pru1.p(   68) : 0x0025 = Label      : ENC_2_CHK:
pru1.p(   68) : 0x0025 = 0xc9012b03 :     qbbc     _ENC_JMP_9_2_, r11.b1.t1
pru1.p(   68) : 0x0026 = 0x0101e2e2 :     add      r2, r2, #1
pru1.p(   68) : 0x0027 = 0x79000003 :     qba      _NEXT_9_2_
pru1.p(   68) : 0x0028 = Label      : _ENC_JMP_9_2_:
pru1.p(   68) : 0x0028 = 0x10000000 :     mov      r0.b0, r0.b0
pru1.p(   68) : 0x0029 = 0x10000000 :     mov      r0.b0, r0.b0
pru1.p(   68) : 0x002a = Label      : _NEXT_9_2_:
pru1.p(   69) : 0x002a = Label      : ENC_3_CHK:
pru1.p(   69) : 0x002a = 0xc9022b03 :     qbbc     _ENC_JMP_9_3_, r11.b1.t2
pru1.p(   69) : 0x002b = 0x0101e3e3 :     add      r3, r3, #1
pru1.p(   69) : 0x002c = 0x79000003 :     qba      _NEXT_9_3_
pru1.p(   69) : 0x002d = Label      : _ENC_JMP_9_3_:
pru1.p(   69) : 0x002d = 0x10000000 :     mov      r0.b0, r0.b0
pru1.p(   69) : 0x002e = 0x10000000 :     mov      r0.b0, r0.b0
pru1.p(   69) : 0x002f = Label      : _NEXT_9_3_:
pru1.p(   70) : 0x002f = Label      : ENC_4_CHK:
pru1.p(   70) : 0x002f = 0xc9032b03 :     qbbc     _ENC_JMP_9_4_, r11.b1.t3
pru1.p(   70) : 0x0030 = 0x0101e4e4 :     add      r4, r4, #1
pru1.p(   70) : 0x0031 = 0x79000003 :     qba      _NEXT_9_4_
pru1.p(   70) : 0x0032 = Label      : _ENC_JMP_9_4_:
pru1.p(   70) : 0x0032 = 0x10000000 :     mov      r0.b0, r0.b0
pru1.p(   70) : 0x0033 = 0x10000000 :     mov      r0.b0, r0.b0
pru1.p(   70) : 0x0034 = Label      : _NEXT_9_4_:
pru1.p(   72) : 0x0034 = Label      : PWM_1_CHK:
pru1.p(   72) : 0x0034 = 0xc9021304 :     qbbc     _CCW_6_1_, r19.b0.t2
pru1.p(   72) : 0x0035 = Label      : _CW_6_1_:
pru1.p(   72) : 0x0035 = 0x6900e506 :     qbne     _PWM_JMP_6_1_, r5, 0
pru1.p(   72) : 0x0036 = 0x1d02fefe :     clr      r30.t2
pru1.p(   72) : 0x0037 = 0x79000006 :     qba      _NEXT_6_1_
pru1.p(   72) : 0x0038 = Label      : _CCW_6_1_:
pru1.p(   72) : 0x0038 = 0x6900e503 :     qbne     _PWM_JMP_6_1_, r5, 0
pru1.p(   72) : 0x0039 = 0x1d03fefe :     clr      r30.t3
pru1.p(   72) : 0x003a = 0x79000003 :     qba      _NEXT_6_1_
pru1.p(   72) : 0x003b = Label      : _PWM_JMP_6_1_:
pru1.p(   72) : 0x003b = 0x0501e5e5 :     sub      r5, r5, #1
pru1.p(   72) : 0x003c = 0x10000000 :     mov      r0.b0, r0.b0
pru1.p(   72) : 0x003d = Label      : _NEXT_6_1_:
pru1.p(   73) : 0x003d = Label      : PWM_2_CHK:
pru1.p(   73) : 0x003d = 0xc9041304 :     qbbc     _CCW_6_2_, r19.b0.t4
pru1.p(   73) : 0x003e = Label      : _CW_6_2_:
pru1.p(   73) : 0x003e = 0x6900e606 :     qbne     _PWM_JMP_6_2_, r6, 0
pru1.p(   73) : 0x003f = 0x1d04fefe :     clr      r30.t4
pru1.p(   73) : 0x0040 = 0x79000006 :     qba      _NEXT_6_2_
pru1.p(   73) : 0x0041 = Label      : _CCW_6_2_:
pru1.p(   73) : 0x0041 = 0x6900e603 :     qbne     _PWM_JMP_6_2_, r6, 0
pru1.p(   73) : 0x0042 = 0x1d05fefe :     clr      r30.t5
pru1.p(   73) : 0x0043 = 0x79000003 :     qba      _NEXT_6_2_
pru1.p(   73) : 0x0044 = Label      : _PWM_JMP_6_2_:
pru1.p(   73) : 0x0044 = 0x0501e6e6 :     sub      r6, r6, #1
pru1.p(   73) : 0x0045 = 0x10000000 :     mov      r0.b0, r0.b0
pru1.p(   73) : 0x0046 = Label      : _NEXT_6_2_:
pru1.p(   74) : 0x0046 = Label      : PWM_3_CHK:
pru1.p(   74) : 0x0046 = 0xc9001304 :     qbbc     _CCW_6_3_, r19.b0.t0
pru1.p(   74) : 0x0047 = Label      : _CW_6_3_:
pru1.p(   74) : 0x0047 = 0x6900e706 :     qbne     _PWM_JMP_6_3_, r7, 0
pru1.p(   74) : 0x0048 = 0x1d00fefe :     clr      r30.t0
pru1.p(   74) : 0x0049 = 0x79000006 :     qba      _NEXT_6_3_
pru1.p(   74) : 0x004a = Label      : _CCW_6_3_:
pru1.p(   74) : 0x004a = 0x6900e703 :     qbne     _PWM_JMP_6_3_, r7, 0
pru1.p(   74) : 0x004b = 0x1d01fefe :     clr      r30.t1
pru1.p(   74) : 0x004c = 0x79000003 :     qba      _NEXT_6_3_
pru1.p(   74) : 0x004d = Label      : _PWM_JMP_6_3_:
pru1.p(   74) : 0x004d = 0x0501e7e7 :     sub      r7, r7, #1
pru1.p(   74) : 0x004e = 0x10000000 :     mov      r0.b0, r0.b0
pru1.p(   74) : 0x004f = Label      : _NEXT_6_3_:
pru1.p(   75) : 0x004f = Label      : PWM_4_CHK:
pru1.p(   75) : 0x004f = 0xc9061304 :     qbbc     _CCW_6_4_, r19.b0.t6
pru1.p(   75) : 0x0050 = Label      : _CW_6_4_:
pru1.p(   75) : 0x0050 = 0x6900e806 :     qbne     _PWM_JMP_6_4_, r8, 0
pru1.p(   75) : 0x0051 = 0x1d06fefe :     clr      r30.t6
pru1.p(   75) : 0x0052 = 0x79000006 :     qba      _NEXT_6_4_
pru1.p(   75) : 0x0053 = Label      : _CCW_6_4_:
pru1.p(   75) : 0x0053 = 0x6900e803 :     qbne     _PWM_JMP_6_4_, r8, 0
pru1.p(   75) : 0x0054 = 0x1d07fefe :     clr      r30.t7
pru1.p(   75) : 0x0055 = 0x79000003 :     qba      _NEXT_6_4_
pru1.p(   75) : 0x0056 = Label      : _PWM_JMP_6_4_:
pru1.p(   75) : 0x0056 = 0x0501e8e8 :     sub      r8, r8, #1
pru1.p(   75) : 0x0057 = 0x10000000 :     mov      r0.b0, r0.b0
pru1.p(   75) : 0x0058 = Label      : _NEXT_6_4_:
pru1.p(   77) : 0x0058 = 0x0501f6f6 :     sub      r22, r22, #1
pru1.p(   78) : 0x0059 = 0x6f00f6c4 :     qbne     J_LOOP, r22, 0
pru1.p(   80) : 0x005a = 0x0501f5f5 :     sub      r21, r21, #1
pru1.p(   81) : 0x005b = 0x6f00f5bf :     qbne     I_LOOP, r21, 0
pru1.p(   86) : 0x005c = 0xe110f981 :     sbbo     &r1, r25, 16, 16
pru1.p(   87) : 0x005d = 0x7f0000b9 :     qba      MAIN
pru1.p(   93) : 0x005e = Label      : STOP:
pru1.p(   94) : 0x005e = 0x2400ff1e :     mov      r30.b0, 0xff
pru1.p(   95) : 0x005f = 0xd1033302 :     qbbs     HALT_PRU1, r19.b1.t3
pru1.p(   96) : 0x0060 = 0x7f0000af :     qba      WAIT_FOR_RUN_FLAG
pru1.p(  100) : 0x0061 = Label      : HALT_PRU1:
pru1.p(  101) : 0x0061 = 0x2400ff1e :     mov      r30.b0, 0xff
pru1.p(  102) : 0x0062 = 0x2400241f :     mov      r31.b0, 32 | 4
pru1.p(  103) : 0x0063 = 0x2a000000 :     halt     
pru1.p(  115) : 0x0064 = Label      : NEOPIXEL:
pru1.p(  116) : 0x0064 = 0x10f9f9fa :     mov      r26, r25
pru1.p(  117) : 0x0065 = 0x0130fafa :     add      r26, r26, 48
pru1.p(  121) : 0x0066 = 0x2400c03b :     mov      r27.b1, #192
pru1.p(  122) : 0x0067 = Label      : GET_BYTE:
pru1.p(  122) : 0x0067 = 0xf1001a5b :     lbbo     r27.b2, r26, 0, 1
pru1.p(  123) : 0x0068 = 0x2400071b :     mov      r27.b0, #7
pru1.p(  127) : 0x0069 = Label      : CHK_BIT:
pru1.p(  127) : 0x0069 = 0xc81b5b0a :     qbbc     IS0, r27.b2, r27.b0
pru1.p(  131) : 0x006a = Label      : IS1:
pru1.p(  131) : 0x006a = 0x2400aaf6 :     mov      r22, 170
pru1.p(  132) : 0x006b = 0xe100308c :     sbbo     r12, r16, 0, 4
pru1.p(  133) : 0x006c = Label      : ONE_DLY0:
pru1.p(  133) : 0x006c = 0x0501f6f6 :     sub      r22, r22, #1
pru1.p(  134) : 0x006d = 0x6f00f6ff :     qbne     ONE_DLY0, r22, 0
pru1.p(  135) : 0x006e = 0x240050f6 :     mov      r22, 80
pru1.p(  136) : 0x006f = 0xe100318c :     sbbo     r12, r17, 0, 4
pru1.p(  137) : 0x0070 = Label      : ONE_DLY1:
pru1.p(  137) : 0x0070 = 0x0501f6f6 :     sub      r22, r22, #1
pru1.p(  138) : 0x0071 = 0x6f00f6ff :     qbne     ONE_DLY1, r22, 0
pru1.p(  139) : 0x0072 = 0x7900000a :     qba      NEXT_BIT
pru1.p(  143) : 0x0073 = Label      : IS0:
pru1.p(  143) : 0x0073 = 0x240050f6 :     mov      r22, 80
pru1.p(  144) : 0x0074 = 0xe100308c :     sbbo     r12, r16, 0, 4
pru1.p(  145) : 0x0075 = Label      : ZERO_DLY0:
pru1.p(  145) : 0x0075 = 0x0501f6f6 :     sub      r22, r22, #1
pru1.p(  146) : 0x0076 = 0x6f00f6ff :     qbne     ZERO_DLY0, r22, 0
pru1.p(  147) : 0x0077 = 0x2400aaf6 :     mov      r22, 170
pru1.p(  148) : 0x0078 = 0xe100318c :     sbbo     r12, r17, 0, 4
pru1.p(  149) : 0x0079 = Label      : ZERO_DLY1:
pru1.p(  149) : 0x0079 = 0x0501f6f6 :     sub      r22, r22, #1
pru1.p(  150) : 0x007a = 0x6f00f6ff :     qbne     ZERO_DLY1, r22, 0
pru1.p(  151) : 0x007b = 0x79000001 :     qba      NEXT_BIT
pru1.p(  152) : 0x007c = Label      : NEXT_BIT:
pru1.p(  152) : 0x007c = 0x05011b1b :     sub      r27.b0, r27.b0, #1
pru1.p(  153) : 0x007d = 0x6fff1bec :     qbne     CHK_BIT, r27.b0, 0xff
pru1.p(  159) : 0x007e = 0x0101fafa :     add      r26, r26, #1
pru1.p(  160) : 0x007f = 0x05013b3b :     sub      r27.b1, r27.b1, #1
pru1.p(  161) : 0x0080 = 0x6f003be7 :     qbne     GET_BYTE, r27.b1, 0
pru1.p(  170) : 0x0081 = 0x1d00f8f8 :     clr      r24.t0
pru1.p(  171) : 0x0082 = 0xe1203998 :     sbbo     r24, r25, 32, 4
pru1.p(  172) : 0x0083 = 0x1d003333 :     clr      r19.b1.t0
pru1.p(  173) : 0x0084 = 0xe1243993 :     sbbo     r19, r25, 36, 4
pru1.p(  174) : 0x0085 = 0x240022ff :     ldi      r31, 18 + 16
pru1.p(  175) : 0x0086 = 0x7f00007a :     qba      START
